<?xml version="1.0" encoding="UTF-8"?>
<!-- Generated by org.testng.reporters.JUnitReportReporter -->
<testsuite skipped="0" hostname="idea-PC" name="FrameWork.FrameWorkPart1" tests="2" failures="0" timestamp="2019-12-19T23:43:25 IST" time="73.577" errors="0">
  <testcase name="landingPageTest" time="66.219" classname="FrameWork.FrameWorkPart1"/>
  <testcase name="validateSearchPage" time="7.358" classname="FrameWork.FrameWorkPart1"/>
</testsuite> <!-- FrameWork.FrameWorkPart1 -->
